<?xml version="1.0" encoding="UTF-8"?>
<testsuite xmlns:xsi="http://www.w3.org/2001/XMLSchema-instance" xsi:noNamespaceSchemaLocation="https://maven.apache.org/surefire/maven-surefire-plugin/xsd/surefire-test-report-3.0.xsd" version="3.0" name="runners.TestRunner" time="49.021" tests="5" errors="0" skipped="0" failures="0">
  <properties>
[...]
</properties>
  <testcase name="Adaugare produs si verificare in cos" classname="Adaugarea produselor in cosul de cumparaturi" time="8.02">
    <system-out><![CDATA[
Scenariu: Adaugare produs si verificare in cos  # src/test/resources/features/Cart.feature:8
===================================
Pornire scenariu: Adaugare produs si verificare in cos
===================================
🌐 Navigare la homepage: https://loving-hermann-e2094b.netlify.app
✅ Pagina curentă: https://loving-hermann-e2094b.netlify.app/
🛒 Adăugare produs în coș...
✅ Produs adăugat în coș
✅ Produs adăugat în coș
  Cand utilizatorul adauga primul produs in cos # steps.CartSteps.utilizatorulAdaugaPrimulProdusInCos()
📂 Deschidere coș...
✅ Minicart este deja vizibil
  Si utilizatorul deschide cosul                # steps.CartSteps.utilizatorulDeschideCosul()
🔍 Verificare produs în coș...
ℹ️  Minicart vizibil: true
ℹ️  Număr produse în coș: 1
✅ Verificare reușită: 1 produs(e) în coș
  Atunci produsul este in cosul de cumparaturi  # steps.CartSteps.produsulEsteInCosula()
===================================
Finalizare scenariu: Adaugare produs si verificare in cos
Status: PASSED
===================================
]]></system-out>
    <system-err><![CDATA[SLF4J: No SLF4J providers were found.
SLF4J: Defaulting to no-operation (NOP) logger implementation
SLF4J: See https://www.slf4j.org/codes.html#noProviders for further details.
Nov 22, 2025 7:05:16 PM org.openqa.selenium.devtools.CdpVersionFinder findNearestMatch
WARNING: Unable to find CDP implementation matching 142
Nov 22, 2025 7:05:16 PM org.openqa.selenium.chromium.ChromiumDriver lambda$new$5
WARNING: Unable to find version of CDP to use for 142.0.7444.176. You may need to include a dependency on a specific version of the CDP using something similar to `org.seleniumhq.selenium:selenium-devtools-v86:4.20.0` where the version ("v86") matches the version of the chromium-based browser you're using and the version number of the artifact is the same as Selenium's.
]]></system-err>
  </testcase>
  <testcase name="Trimitere formular contact complet" classname="Formular de Contact" time="4.476">
    <system-out><![CDATA[
Scenariu: Trimitere formular contact complet # src/test/resources/features/Contact.feature:8
===================================
Pornire scenariu: Trimitere formular contact complet
===================================
🌐 Navigare la homepage: https://loving-hermann-e2094b.netlify.app
✅ Pagina curentă: https://loving-hermann-e2094b.netlify.app/
✅ Click pe SEND
  Cand utilizatorul apasă Send               # steps.ContactSteps.utilizatorulApasaSend()
✅ Mesaj de contact trimis cu succes
  Atunci mesajul de contact este trimis      # steps.ContactSteps.mesajulDeContactEsteTrimis()
===================================
Finalizare scenariu: Trimitere formular contact complet
Status: PASSED
===================================
]]></system-out>
    <system-err><![CDATA[Nov 22, 2025 7:05:23 PM org.openqa.selenium.devtools.CdpVersionFinder findNearestMatch
WARNING: Unable to find CDP implementation matching 142
Nov 22, 2025 7:05:23 PM org.openqa.selenium.chromium.ChromiumDriver lambda$new$5
WARNING: Unable to find version of CDP to use for 142.0.7444.176. You may need to include a dependency on a specific version of the CDP using something similar to `org.seleniumhq.selenium:selenium-devtools-v86:4.20.0` where the version ("v86") matches the version of the chromium-based browser you're using and the version number of the artifact is the same as Selenium's.
]]></system-err>
  </testcase>
  <testcase name="Login complet cu name și email" classname="Modal de Login" time="13.133">
    <system-out><![CDATA[
Scenariu: Login complet cu name și email # src/test/resources/features/Login.feature:8
===================================
Pornire scenariu: Login complet cu name și email
===================================
🌐 Navigare la homepage: https://loving-hermann-e2094b.netlify.app
✅ Pagina curentă: https://loving-hermann-e2094b.netlify.app/
  Cand utilizatorul apasă Sign In        # steps.LoginSteps.utilizatorulApasaSignIn()
✅ Login procesat cu succes
  Atunci login-ul este procesat          # steps.LoginSteps.loginulEsteProcesat()
===================================
Finalizare scenariu: Login complet cu name și email
Status: PASSED
===================================
]]></system-out>
    <system-err><![CDATA[Nov 22, 2025 7:05:27 PM org.openqa.selenium.devtools.CdpVersionFinder findNearestMatch
WARNING: Unable to find CDP implementation matching 142
Nov 22, 2025 7:05:27 PM org.openqa.selenium.chromium.ChromiumDriver lambda$new$5
WARNING: Unable to find version of CDP to use for 142.0.7444.176. You may need to include a dependency on a specific version of the CDP using something similar to `org.seleniumhq.selenium:selenium-devtools-v86:4.20.0` where the version ("v86") matches the version of the chromium-based browser you're using and the version number of the artifact is the same as Selenium's.
❌ Eroare la click pe Sign In: Expected condition failed: waiting for element to be clickable: By.xpath: //input[@type='submit'][@value='Sign In'] (tried for 10 second(s) with 500 milliseconds interval)
Build info: version: '4.20.0', revision: '866c76ca80'
System info: os.name: 'Mac OS X', os.arch: 'aarch64', os.version: '15.7.2', java.version: '21.0.7'
Driver info: org.openqa.selenium.chrome.ChromeDriver
Capabilities {acceptInsecureCerts: false, browserName: chrome, browserVersion: 142.0.7444.176, chrome: {chromedriverVersion: 142.0.7444.175 (302067f14a4..., userDataDir: /var/folders/3q/vlp648p95lq...}, fedcm:accounts: true, goog:chromeOptions: {debuggerAddress: localhost:56127}, goog:processID: 55103, networkConnectionEnabled: false, pageLoadStrategy: normal, platformName: mac, proxy: Proxy(), se:cdp: ws://localhost:56127/devtoo..., se:cdpVersion: 142.0.7444.176, setWindowRect: true, strictFileInteractability: false, timeouts: {implicit: 0, pageLoad: 300000, script: 30000}, unhandledPromptBehavior: dismiss and notify, webauthn:extension:credBlob: true, webauthn:extension:largeBlob: true, webauthn:extension:minPinLength: true, webauthn:extension:prf: true, webauthn:virtualAuthenticators: true}
Session ID: 4ecb7f30c3acf16cf9e28fb4bd17969a
]]></system-err>
  </testcase>
  <testcase name="Inregistrare completa cu name, email, password" classname="Modal de Inregistrare" time="14.323">
    <system-out><![CDATA[
Scenariu: Inregistrare completa cu name, email, password # src/test/resources/features/Registration.feature:8
===================================
Pornire scenariu: Inregistrare completa cu name, email, password
===================================
🌐 Navigare la homepage: https://loving-hermann-e2094b.netlify.app
✅ Pagina curentă: https://loving-hermann-e2094b.netlify.app/
  Cand utilizatorul apasă Sign Up                        # steps.RegistrationSteps.utilizatorulApasaSignUp()
✅ Inregistrare procesată cu succes
  Atunci inregistrarea este procesata                    # steps.RegistrationSteps.inregistrareaEsteProcessata()
===================================
Finalizare scenariu: Inregistrare completa cu name, email, password
Status: PASSED
===================================
]]></system-out>
    <system-err><![CDATA[Nov 22, 2025 7:05:40 PM org.openqa.selenium.devtools.CdpVersionFinder findNearestMatch
WARNING: Unable to find CDP implementation matching 142
Nov 22, 2025 7:05:40 PM org.openqa.selenium.chromium.ChromiumDriver lambda$new$5
WARNING: Unable to find version of CDP to use for 142.0.7444.176. You may need to include a dependency on a specific version of the CDP using something similar to `org.seleniumhq.selenium:selenium-devtools-v86:4.20.0` where the version ("v86") matches the version of the chromium-based browser you're using and the version number of the artifact is the same as Selenium's.
❌ Eroare la click pe Sign Up: Expected condition failed: waiting for element to be clickable: By.xpath: //input[@type='submit'][@value='Sign Up'] (tried for 10 second(s) with 500 milliseconds interval)
Build info: version: '4.20.0', revision: '866c76ca80'
System info: os.name: 'Mac OS X', os.arch: 'aarch64', os.version: '15.7.2', java.version: '21.0.7'
Driver info: org.openqa.selenium.chrome.ChromeDriver
Capabilities {acceptInsecureCerts: false, browserName: chrome, browserVersion: 142.0.7444.176, chrome: {chromedriverVersion: 142.0.7444.175 (302067f14a4..., userDataDir: /var/folders/3q/vlp648p95lq...}, fedcm:accounts: true, goog:chromeOptions: {debuggerAddress: localhost:56159}, goog:processID: 55197, networkConnectionEnabled: false, pageLoadStrategy: normal, platformName: mac, proxy: Proxy(), se:cdp: ws://localhost:56159/devtoo..., se:cdpVersion: 142.0.7444.176, setWindowRect: true, strictFileInteractability: false, timeouts: {implicit: 0, pageLoad: 300000, script: 30000}, unhandledPromptBehavior: dismiss and notify, webauthn:extension:credBlob: true, webauthn:extension:largeBlob: true, webauthn:extension:minPinLength: true, webauthn:extension:prf: true, webauthn:virtualAuthenticators: true}
Session ID: 3b048d8dfece8a5e33200837c895b950
]]></system-err>
  </testcase>
  <testcase name="Add review with medium rating" classname="Review products" time="8.947">
    <system-out><![CDATA[
Scenario: Add review with medium rating              # src/test/resources/features/Review.feature:11
===================================
Pornire scenariu: Add review with medium rating
===================================
🌐 Navigare la homepage: https://loving-hermann-e2094b.netlify.app
✅ Pagina curentă: https://loving-hermann-e2094b.netlify.app/
🔄 Navigare la pagina single product...
🔄 Navigare la pagina single product...
✅ Pagina single product încărcată
✅ Utilizatorul este pe pagina single product
  Given utilizatorul este pe pagina single product   # steps.ReviewSteps.utilizatorulEstePePaginaSingleProduct()
🔍 Căutare tab Reviews...
✅ Reviews tab deschis
  When utilizatorul da click pe butonul de review    # steps.ReviewSteps.utilizatorulDaClickPeButonulDeReview()
🔍 Căutare câmp Message pentru review...
Pagina actuala: https://loving-hermann-e2094b.netlify.app/single
Încercare 1: XPath specific //textarea[@name='Message']
✅ Găsite 1 textareas
Scroll la textarea...
✅ Textarea este vizibil
✅ Text review introdus: Produs bun, dar poate fi imbunatatit
⚠️  Rating nu este disponibil pe această pagină
  And utilizatorul completeaza review-ul cu:         # steps.ReviewSteps.utilizatorulCompleteazaReviewulCu(io.cucumber.datatable.DataTable)
    | Text   | Produs bun, dar poate fi imbunatatit |
    | Rating | 3                                    |
✅ Review trimis
  And utilizatorul trimite review-ul                 # steps.ReviewSteps.utilizatorulTrimiteReviewul()
  Then review-ul este vizibil in lista de review-uri # steps.ReviewSteps.reviewulEsteVizibilInListaDeReviewuri()
===================================
Finalizare scenariu: Add review with medium rating
Status: PASSED
===================================
]]></system-out>
    <system-err><![CDATA[Nov 22, 2025 7:05:55 PM org.openqa.selenium.devtools.CdpVersionFinder findNearestMatch
WARNING: Unable to find CDP implementation matching 142
Nov 22, 2025 7:05:55 PM org.openqa.selenium.chromium.ChromiumDriver lambda$new$5
WARNING: Unable to find version of CDP to use for 142.0.7444.176. You may need to include a dependency on a specific version of the CDP using something similar to `org.seleniumhq.selenium:selenium-devtools-v86:4.20.0` where the version ("v86") matches the version of the chromium-based browser you're using and the version number of the artifact is the same as Selenium's.
]]></system-err>
  </testcase>
</testsuite>