<?xml version="1.0" encoding="UTF-8"?>
<testsuite xmlns:xsi="http://www.w3.org/2001/XMLSchema-instance" xsi:noNamespaceSchemaLocation="https://maven.apache.org/surefire/maven-surefire-plugin/xsd/surefire-test-report-3.0.xsd" version="3.0" name="runners.GoogleTestRunner" time="49.357" tests="4" errors="0" skipped="0" failures="0">
  <properties>
[...]
</properties>
  <testcase name="Search in different languages" classname="Google Search Functionality Tests" time="23.007">
    <system-out><![CDATA[
Scenario: Search in different languages            # src/test/resources/features/GoogleSearch.feature:3
===================================
Pornire scenariu: Search in different languages
===================================
🌐 Navigare la homepage: https://loving-hermann-e2094b.netlify.app
✅ Pagina curentă: https://loving-hermann-e2094b.netlify.app/
  Given I am on the Google search page             # steps.GoogleSearchSteps.i_am_on_the_google_search_page()
  When I search for "hello" in English             # steps.GoogleSearchSteps.i_search_for_in_english(java.lang.String)
  Then I should see relevant results for "hello"   # steps.GoogleSearchSteps.i_should_see_relevant_results_for(java.lang.String)
  When I search for "hola" in Spanish              # steps.GoogleSearchSteps.i_search_for_in_spanish(java.lang.String)
  Then I should see relevant results for "hola"    # steps.GoogleSearchSteps.i_should_see_relevant_results_for(java.lang.String)
  When I search for "bonjour" in French            # steps.GoogleSearchSteps.i_search_for_in_french(java.lang.String)
  Then I should see relevant results for "bonjour" # steps.GoogleSearchSteps.i_should_see_relevant_results_for(java.lang.String)
===================================
Finalizare scenariu: Search in different languages
Status: PASSED
===================================
]]></system-out>
    <system-err><![CDATA[[main] INFO io.github.bonigarcia.wdm.WebDriverManager - Using chromedriver 142.0.7444.175 (resolved driver for Chrome 142)
[main] INFO io.github.bonigarcia.wdm.WebDriverManager - Exporting webdriver.chrome.driver as /Users/cristianperevoznik/.cache/selenium/chromedriver/mac-arm64/142.0.7444.175/chromedriver
Nov 22, 2025 10:45:13 PM org.openqa.selenium.devtools.CdpVersionFinder findNearestMatch
WARNING: Unable to find CDP implementation matching 142
Nov 22, 2025 10:45:13 PM org.openqa.selenium.chromium.ChromiumDriver lambda$new$5
WARNING: Unable to find version of CDP to use for 142.0.7444.176. You may need to include a dependency on a specific version of the CDP using something similar to `org.seleniumhq.selenium:selenium-devtools-v86:4.20.0` where the version ("v86") matches the version of the chromium-based browser you're using and the version number of the artifact is the same as Selenium's.
]]></system-err>
  </testcase>
  <testcase name="Verify case sensitivity in Google Search" classname="Google Search Functionality Tests" time="10.409">
    <system-out><![CDATA[
Scenario: Verify case sensitivity in Google Search              # src/test/resources/features/GoogleSearch.feature:12
===================================
Pornire scenariu: Verify case sensitivity in Google Search
===================================
🌐 Navigare la homepage: https://loving-hermann-e2094b.netlify.app
✅ Pagina curentă: https://loving-hermann-e2094b.netlify.app/
  Given I am on the Google search page                          # steps.GoogleSearchSteps.i_am_on_the_google_search_page()
  When I search for "TestCase"                                  # steps.GoogleSearchSteps.i_search_for(java.lang.String)
  Then I save the number of results                             # steps.GoogleSearchSteps.i_save_the_number_of_results()
  When I search for "testcase"                                  # steps.GoogleSearchSteps.i_search_for(java.lang.String)
  Then the number of results should be similar to saved results # steps.GoogleSearchSteps.the_number_of_results_should_be_similar_to_saved_results()
===================================
Finalizare scenariu: Verify case sensitivity in Google Search
Status: PASSED
===================================
]]></system-out>
    <system-err><![CDATA[[main] INFO io.github.bonigarcia.wdm.WebDriverManager - Using chromedriver 142.0.7444.175 (resolved driver for Chrome 142)
[main] INFO io.github.bonigarcia.wdm.WebDriverManager - Exporting webdriver.chrome.driver as /Users/cristianperevoznik/.cache/selenium/chromedriver/mac-arm64/142.0.7444.175/chromedriver
Nov 22, 2025 10:45:34 PM org.openqa.selenium.devtools.CdpVersionFinder findNearestMatch
WARNING: Unable to find CDP implementation matching 142
Nov 22, 2025 10:45:34 PM org.openqa.selenium.chromium.ChromiumDriver lambda$new$5
WARNING: Unable to find version of CDP to use for 142.0.7444.176. You may need to include a dependency on a specific version of the CDP using something similar to `org.seleniumhq.selenium:selenium-devtools-v86:4.20.0` where the version ("v86") matches the version of the chromium-based browser you're using and the version number of the artifact is the same as Selenium's.
]]></system-err>
  </testcase>
  <testcase name="Display calculator service when searching for &quot;calculator&quot;" classname="Google Search Functionality Tests" time="7.98">
    <system-out><![CDATA[
Scenario: Display calculator service when searching for "calculator" # src/test/resources/features/GoogleSearch.feature:19
===================================
Pornire scenariu: Display calculator service when searching for "calculator"
===================================
🌐 Navigare la homepage: https://loving-hermann-e2094b.netlify.app
✅ Pagina curentă: https://loving-hermann-e2094b.netlify.app/
  Given I am on the Google search page                               # steps.GoogleSearchSteps.i_am_on_the_google_search_page()
  When I search for "calculator"                                     # steps.GoogleSearchSteps.i_search_for(java.lang.String)
  Then I should see the calculator service displayed                 # steps.GoogleSearchSteps.i_should_see_the_calculator_service_displayed()
===================================
Finalizare scenariu: Display calculator service when searching for "calculator"
Status: PASSED
===================================
]]></system-out>
    <system-err><![CDATA[[main] INFO io.github.bonigarcia.wdm.WebDriverManager - Using chromedriver 142.0.7444.175 (resolved driver for Chrome 142)
[main] INFO io.github.bonigarcia.wdm.WebDriverManager - Exporting webdriver.chrome.driver as /Users/cristianperevoznik/.cache/selenium/chromedriver/mac-arm64/142.0.7444.175/chromedriver
Nov 22, 2025 10:45:44 PM org.openqa.selenium.devtools.CdpVersionFinder findNearestMatch
WARNING: Unable to find CDP implementation matching 142
Nov 22, 2025 10:45:44 PM org.openqa.selenium.chromium.ChromiumDriver lambda$new$5
WARNING: Unable to find version of CDP to use for 142.0.7444.176. You may need to include a dependency on a specific version of the CDP using something similar to `org.seleniumhq.selenium:selenium-devtools-v86:4.20.0` where the version ("v86") matches the version of the chromium-based browser you're using and the version number of the artifact is the same as Selenium's.
]]></system-err>
  </testcase>
  <testcase name="Converter service appears at top when searching for conversion services" classname="Google Search Functionality Tests" time="7.833">
    <system-out><![CDATA[
Scenario: Converter service appears at top when searching for conversion services # src/test/resources/features/GoogleSearch.feature:24
===================================
Pornire scenariu: Converter service appears at top when searching for conversion services
===================================
🌐 Navigare la homepage: https://loving-hermann-e2094b.netlify.app
✅ Pagina curentă: https://loving-hermann-e2094b.netlify.app/
  Given I am on the Google search page                                            # steps.GoogleSearchSteps.i_am_on_the_google_search_page()
  When I search for "Google converter services"                                   # steps.GoogleSearchSteps.i_search_for(java.lang.String)
  Then the conversion service should appear at the top of search results          # steps.GoogleSearchSteps.the_conversion_service_should_appear_at_the_top_of_search_results()
===================================
Finalizare scenariu: Converter service appears at top when searching for conversion services
Status: PASSED
===================================
]]></system-out>
    <system-err><![CDATA[[main] INFO io.github.bonigarcia.wdm.WebDriverManager - Using chromedriver 142.0.7444.175 (resolved driver for Chrome 142)
[main] INFO io.github.bonigarcia.wdm.WebDriverManager - Exporting webdriver.chrome.driver as /Users/cristianperevoznik/.cache/selenium/chromedriver/mac-arm64/142.0.7444.175/chromedriver
Nov 22, 2025 10:45:52 PM org.openqa.selenium.devtools.CdpVersionFinder findNearestMatch
WARNING: Unable to find CDP implementation matching 142
Nov 22, 2025 10:45:52 PM org.openqa.selenium.chromium.ChromiumDriver lambda$new$5
WARNING: Unable to find version of CDP to use for 142.0.7444.176. You may need to include a dependency on a specific version of the CDP using something similar to `org.seleniumhq.selenium:selenium-devtools-v86:4.20.0` where the version ("v86") matches the version of the chromium-based browser you're using and the version number of the artifact is the same as Selenium's.
]]></system-err>
  </testcase>
</testsuite>